<?xml version="1.0" encoding="UTF-8"?>
<!-- Generated by org.testng.reporters.JUnitReportReporter -->
<testsuite hostname="DESKTOP-QNHJ5Q7" failures="0" tests="1" name="Tests.LoginTest" time="2.940" errors="0" timestamp="2022-07-12T20:19:11 PDT" skipped="0">
  <testcase classname="Tests.LoginTest" name="loginTest" time="2.940"/>
  <system-out/>
</testsuite> <!-- Tests.LoginTest -->
