<?xml version="1.0" encoding="UTF-8"?>
<!-- Generated by org.testng.reporters.JUnitReportReporter -->
<testsuite hostname="DESKTOP-QNHJ5Q7" failures="0" tests="1" name="headLessModeExample.amazonTest" time="6.292" errors="0" timestamp="2022-07-12T22:40:19 PDT" skipped="0">
  <testcase classname="headLessModeExample.amazonTest" name="searchTest" time="6.292"/>
  <system-out/>
</testsuite> <!-- headLessModeExample.amazonTest -->
