<?xml version="1.0" encoding="UTF-8"?>
<!-- Generated by org.testng.reporters.JUnitReportReporter -->
<testsuite hostname="DESKTOP-QNHJ5Q7" failures="0" tests="3" name="dataDrivenTest.hrmLogin_DDT" time="3.995" errors="0" timestamp="2022-07-12T21:55:07 PDT" skipped="0">
  <testcase classname="dataDrivenTest.hrmLogin_DDT" name="verifyLoginwithInvalidData" time="1.551"/>
  <system-out/>
  <testcase classname="dataDrivenTest.hrmLogin_DDT" name="verifyLoginwithInvalidData" time="1.244"/>
  <system-out/>
  <testcase classname="dataDrivenTest.hrmLogin_DDT" name="verifyLoginwithInvalidData" time="1.200"/>
  <system-out/>
</testsuite> <!-- dataDrivenTest.hrmLogin_DDT -->
