<?xml version="1.0" encoding="UTF-8"?>
<!-- Generated by org.testng.reporters.JUnitReportReporter -->
<testsuite hostname="DESKTOP-QNHJ5Q7" failures="0" tests="1" name="Tests.LoginTest_withPageFactory" time="2.611" errors="0" timestamp="2022-07-14T20:59:19 PDT" skipped="0">
  <testcase classname="Tests.LoginTest_withPageFactory" name="loginTest" time="2.611"/>
  <system-out/>
</testsuite> <!-- Tests.LoginTest_withPageFactory -->
