<?xml version="1.0" encoding="UTF-8"?>
<!-- Generated by org.testng.reporters.JUnitReportReporter -->
<testsuite hostname="DESKTOP-QNHJ5Q7" failures="0" tests="3" name="dataDrivenTest.hrmLogin_DDT" time="3.708" errors="0" timestamp="2022-07-14T20:59:19 PDT" skipped="0">
  <testcase classname="dataDrivenTest.hrmLogin_DDT" name="verifyLoginwithInvalidData" time="1.417"/>
  <system-out/>
  <testcase classname="dataDrivenTest.hrmLogin_DDT" name="verifyLoginwithInvalidData" time="1.146"/>
  <system-out/>
  <testcase classname="dataDrivenTest.hrmLogin_DDT" name="verifyLoginwithInvalidData" time="1.145"/>
  <system-out/>
</testsuite> <!-- dataDrivenTest.hrmLogin_DDT -->
